Determining if the pthread_create exist failed with the following output:
Change Dir: /home/efun/ur_chess/build/CMakeFiles/CMakeTmp

Run Build Command:"/usr/bin/make" "cmTC_c1aed/fast"
/usr/bin/make -f CMakeFiles/cmTC_c1aed.dir/build.make CMakeFiles/cmTC_c1aed.dir/build
make[1]: Entering directory '/home/efun/ur_chess/build/CMakeFiles/CMakeTmp'
Building C object CMakeFiles/cmTC_c1aed.dir/CheckSymbolExists.c.o
/usr/bin/cc     -o CMakeFiles/cmTC_c1aed.dir/CheckSymbolExists.c.o   -c /home/efun/ur_chess/build/CMakeFiles/CMakeTmp/CheckSymbolExists.c
Linking C executable cmTC_c1aed
/usr/bin/cmake -E cmake_link_script CMakeFiles/cmTC_c1aed.dir/link.txt --verbose=1
/usr/bin/cc       CMakeFiles/cmTC_c1aed.dir/CheckSymbolExists.c.o  -o cmTC_c1aed -rdynamic 
CMakeFiles/cmTC_c1aed.dir/CheckSymbolExists.c.o：在函数‘main’中：
CheckSymbolExists.c:(.text+0x16)：对‘pthread_create’未定义的引用
collect2: error: ld returned 1 exit status
CMakeFiles/cmTC_c1aed.dir/build.make:97: recipe for target 'cmTC_c1aed' failed
make[1]: *** [cmTC_c1aed] Error 1
make[1]: Leaving directory '/home/efun/ur_chess/build/CMakeFiles/CMakeTmp'
Makefile:126: recipe for target 'cmTC_c1aed/fast' failed
make: *** [cmTC_c1aed/fast] Error 2

File /home/efun/ur_chess/build/CMakeFiles/CMakeTmp/CheckSymbolExists.c:
/* */
#include <pthread.h>

int main(int argc, char** argv)
{
  (void)argv;
#ifndef pthread_create
  return ((int*)(&pthread_create))[argc];
#else
  (void)argc;
  return 0;
#endif
}

Determining if the function pthread_create exists in the pthreads failed with the following output:
Change Dir: /home/efun/ur_chess/build/CMakeFiles/CMakeTmp

Run Build Command:"/usr/bin/make" "cmTC_932d8/fast"
/usr/bin/make -f CMakeFiles/cmTC_932d8.dir/build.make CMakeFiles/cmTC_932d8.dir/build
make[1]: Entering directory '/home/efun/ur_chess/build/CMakeFiles/CMakeTmp'
Building C object CMakeFiles/cmTC_932d8.dir/CheckFunctionExists.c.o
/usr/bin/cc    -DCHECK_FUNCTION_EXISTS=pthread_create   -o CMakeFiles/cmTC_932d8.dir/CheckFunctionExists.c.o   -c /usr/share/cmake-3.5/Modules/CheckFunctionExists.c
Linking C executable cmTC_932d8
/usr/bin/cmake -E cmake_link_script CMakeFiles/cmTC_932d8.dir/link.txt --verbose=1
/usr/bin/cc   -DCHECK_FUNCTION_EXISTS=pthread_create    CMakeFiles/cmTC_932d8.dir/CheckFunctionExists.c.o  -o cmTC_932d8 -rdynamic -lpthreads 
/usr/bin/ld: 找不到 -lpthreads
collect2: error: ld returned 1 exit status
CMakeFiles/cmTC_932d8.dir/build.make:97: recipe for target 'cmTC_932d8' failed
make[1]: *** [cmTC_932d8] Error 1
make[1]: Leaving directory '/home/efun/ur_chess/build/CMakeFiles/CMakeTmp'
Makefile:126: recipe for target 'cmTC_932d8/fast' failed
make: *** [cmTC_932d8/fast] Error 2


